<?xml version="1.0" encoding="UTF-8"?>
<testsuite xmlns:xsi="http://www.w3.org/2001/XMLSchema-instance" xsi:noNamespaceSchemaLocation="https://maven.apache.org/surefire/maven-surefire-plugin/xsd/surefire-test-report-3.0.xsd" version="3.0" name="SdkUnitTests" time="11.365" tests="16" errors="0" skipped="0" failures="0">
  <properties>
    <property name="java.vm.info" value="mixed mode"/>
    <property name="file.encoding.pkg" value="sun.io"/>
    <property name="file.encoding" value="UTF-8"/>
    <property name="java.specification.name" value="Java Platform API Specification"/>
    <property name="sun.os.patch.level" value="unknown"/>
    <property name="user.dir" value="/Users/majid.mallis/dev/docusign-java-client"/>
    <property name="line.separator" value="&#10;"/>
    <property name="java.home" value="/Library/Java/JavaVirtualMachines/jdk1.7.0_79.jdk/Contents/Home/jre"/>
    <property name="user.name" value="majid.mallis"/>
    <property name="sun.boot.library.path" value="/Library/Java/JavaVirtualMachines/jdk1.7.0_79.jdk/Contents/Home/jre/lib"/>
    <property name="user.home" value="/Users/majid.mallis"/>
    <property name="localRepository" value="/Users/majid.mallis/.m2/repository"/>
    <property name="sun.java.launcher" value="SUN_STANDARD"/>
    <property name="java.class.version" value="51.0"/>
    <property name="user.language" value="en"/>
    <property name="java.vendor.url.bug" value="http://bugreport.sun.com/bugreport/"/>
    <property name="sun.jnu.encoding" value="UTF-8"/>
    <property name="java.io.tmpdir" value="/var/folders/mt/_48yycpn37933hslwqwzxkzcl98j3v/T/"/>
    <property name="java.specification.vendor" value="Oracle Corporation"/>
    <property name="file.separator" value="/"/>
    <property name="java.class.path" value="/Users/majid.mallis/dev/docusign-java-client/target/test-classes:/Users/majid.mallis/dev/docusign-java-client/target/classes:/Users/majid.mallis/.m2/repository/io/swagger/swagger-annotations/1.5.8/swagger-annotations-1.5.8.jar:/Users/majid.mallis/.m2/repository/com/sun/jersey/jersey-client/1.19.1/jersey-client-1.19.1.jar:/Users/majid.mallis/.m2/repository/com/sun/jersey/jersey-core/1.19.1/jersey-core-1.19.1.jar:/Users/majid.mallis/.m2/repository/javax/ws/rs/jsr311-api/1.1.1/jsr311-api-1.1.1.jar:/Users/majid.mallis/.m2/repository/com/sun/jersey/contribs/jersey-multipart/1.19.1/jersey-multipart-1.19.1.jar:/Users/majid.mallis/.m2/repository/org/jvnet/mimepull/mimepull/1.9.3/mimepull-1.9.3.jar:/Users/majid.mallis/.m2/repository/com/fasterxml/jackson/core/jackson-core/2.9.8/jackson-core-2.9.8.jar:/Users/majid.mallis/.m2/repository/com/fasterxml/jackson/core/jackson-annotations/2.9.8/jackson-annotations-2.9.8.jar:/Users/majid.mallis/.m2/repository/com/fasterxml/jackson/core/jackson-databind/2.9.8/jackson-databind-2.9.8.jar:/Users/majid.mallis/.m2/repository/com/fasterxml/jackson/jaxrs/jackson-jaxrs-json-provider/2.9.8/jackson-jaxrs-json-provider-2.9.8.jar:/Users/majid.mallis/.m2/repository/com/fasterxml/jackson/jaxrs/jackson-jaxrs-base/2.9.8/jackson-jaxrs-base-2.9.8.jar:/Users/majid.mallis/.m2/repository/com/fasterxml/jackson/module/jackson-module-jaxb-annotations/2.9.8/jackson-module-jaxb-annotations-2.9.8.jar:/Users/majid.mallis/.m2/repository/com/fasterxml/jackson/dataformat/jackson-dataformat-csv/2.9.8/jackson-dataformat-csv-2.9.8.jar:/Users/majid.mallis/.m2/repository/com/fasterxml/jackson/datatype/jackson-datatype-joda/2.1.5/jackson-datatype-joda-2.1.5.jar:/Users/majid.mallis/.m2/repository/joda-time/joda-time/2.9.3/joda-time-2.9.3.jar:/Users/majid.mallis/.m2/repository/org/apache/oltu/oauth2/org.apache.oltu.oauth2.client/1.0.2/org.apache.oltu.oauth2.client-1.0.2.jar:/Users/majid.mallis/.m2/repository/org/apache/oltu/oauth2/org.apache.oltu.oauth2.common/1.0.2/org.apache.oltu.oauth2.common-1.0.2.jar:/Users/majid.mallis/.m2/repository/org/json/json/20140107/json-20140107.jar:/Users/majid.mallis/.m2/repository/org/slf4j/slf4j-api/1.7.7/slf4j-api-1.7.7.jar:/Users/majid.mallis/.m2/repository/com/auth0/java-jwt/3.4.1/java-jwt-3.4.1.jar:/Users/majid.mallis/.m2/repository/commons-codec/commons-codec/1.11/commons-codec-1.11.jar:/Users/majid.mallis/.m2/repository/org/bouncycastle/bcprov-jdk15on/1.60/bcprov-jdk15on-1.60.jar:/Users/majid.mallis/.m2/repository/com/brsanthu/migbase64/2.2/migbase64-2.2.jar:/Users/majid.mallis/.m2/repository/junit/junit/4.12/junit-4.12.jar:/Users/majid.mallis/.m2/repository/org/hamcrest/hamcrest-core/1.3/hamcrest-core-1.3.jar:"/>
    <property name="java.vm.vendor" value="Oracle Corporation"/>
    <property name="sun.cpu.endian" value="little"/>
    <property name="java.vm.specification.vendor" value="Oracle Corporation"/>
    <property name="java.specification.version" value="1.7"/>
    <property name="awt.toolkit" value="sun.lwawt.macosx.LWCToolkit"/>
    <property name="sun.java.command" value="/Users/majid.mallis/dev/docusign-java-client/target/surefire/surefirebooter1634490734200270088.jar /Users/majid.mallis/dev/docusign-java-client/target/surefire 2019-05-16T14-32-03_255-jvmRun1 surefire4367456487674665861tmp surefire_08739077607928103094tmp"/>
    <property name="user.timezone" value="America/Los_Angeles"/>
    <property name="surefire.test.class.path" value="/Users/majid.mallis/dev/docusign-java-client/target/test-classes:/Users/majid.mallis/dev/docusign-java-client/target/classes:/Users/majid.mallis/.m2/repository/io/swagger/swagger-annotations/1.5.8/swagger-annotations-1.5.8.jar:/Users/majid.mallis/.m2/repository/com/sun/jersey/jersey-client/1.19.1/jersey-client-1.19.1.jar:/Users/majid.mallis/.m2/repository/com/sun/jersey/jersey-core/1.19.1/jersey-core-1.19.1.jar:/Users/majid.mallis/.m2/repository/javax/ws/rs/jsr311-api/1.1.1/jsr311-api-1.1.1.jar:/Users/majid.mallis/.m2/repository/com/sun/jersey/contribs/jersey-multipart/1.19.1/jersey-multipart-1.19.1.jar:/Users/majid.mallis/.m2/repository/org/jvnet/mimepull/mimepull/1.9.3/mimepull-1.9.3.jar:/Users/majid.mallis/.m2/repository/com/fasterxml/jackson/core/jackson-core/2.9.8/jackson-core-2.9.8.jar:/Users/majid.mallis/.m2/repository/com/fasterxml/jackson/core/jackson-annotations/2.9.8/jackson-annotations-2.9.8.jar:/Users/majid.mallis/.m2/repository/com/fasterxml/jackson/core/jackson-databind/2.9.8/jackson-databind-2.9.8.jar:/Users/majid.mallis/.m2/repository/com/fasterxml/jackson/jaxrs/jackson-jaxrs-json-provider/2.9.8/jackson-jaxrs-json-provider-2.9.8.jar:/Users/majid.mallis/.m2/repository/com/fasterxml/jackson/jaxrs/jackson-jaxrs-base/2.9.8/jackson-jaxrs-base-2.9.8.jar:/Users/majid.mallis/.m2/repository/com/fasterxml/jackson/module/jackson-module-jaxb-annotations/2.9.8/jackson-module-jaxb-annotations-2.9.8.jar:/Users/majid.mallis/.m2/repository/com/fasterxml/jackson/dataformat/jackson-dataformat-csv/2.9.8/jackson-dataformat-csv-2.9.8.jar:/Users/majid.mallis/.m2/repository/com/fasterxml/jackson/datatype/jackson-datatype-joda/2.1.5/jackson-datatype-joda-2.1.5.jar:/Users/majid.mallis/.m2/repository/joda-time/joda-time/2.9.3/joda-time-2.9.3.jar:/Users/majid.mallis/.m2/repository/org/apache/oltu/oauth2/org.apache.oltu.oauth2.client/1.0.2/org.apache.oltu.oauth2.client-1.0.2.jar:/Users/majid.mallis/.m2/repository/org/apache/oltu/oauth2/org.apache.oltu.oauth2.common/1.0.2/org.apache.oltu.oauth2.common-1.0.2.jar:/Users/majid.mallis/.m2/repository/org/json/json/20140107/json-20140107.jar:/Users/majid.mallis/.m2/repository/org/slf4j/slf4j-api/1.7.7/slf4j-api-1.7.7.jar:/Users/majid.mallis/.m2/repository/com/auth0/java-jwt/3.4.1/java-jwt-3.4.1.jar:/Users/majid.mallis/.m2/repository/commons-codec/commons-codec/1.11/commons-codec-1.11.jar:/Users/majid.mallis/.m2/repository/org/bouncycastle/bcprov-jdk15on/1.60/bcprov-jdk15on-1.60.jar:/Users/majid.mallis/.m2/repository/com/brsanthu/migbase64/2.2/migbase64-2.2.jar:/Users/majid.mallis/.m2/repository/junit/junit/4.12/junit-4.12.jar:/Users/majid.mallis/.m2/repository/org/hamcrest/hamcrest-core/1.3/hamcrest-core-1.3.jar:"/>
    <property name="java.runtime.version" value="1.7.0_79-b15"/>
    <property name="https.protocols" value="TLSv1.2"/>
    <property name="java.vendor" value="Oracle Corporation"/>
    <property name="sun.management.compiler" value="HotSpot 64-Bit Tiered Compilers"/>
    <property name="sun.arch.data.model" value="64"/>
    <property name="os.arch" value="x86_64"/>
    <property name="sun.io.unicode.encoding" value="UnicodeBig"/>
    <property name="java.awt.printerjob" value="sun.lwawt.macosx.CPrinterJob"/>
    <property name="path.separator" value=":"/>
    <property name="java.runtime.name" value="Java(TM) SE Runtime Environment"/>
    <property name="java.vendor.url" value="http://java.oracle.com/"/>
    <property name="sun.boot.class.path" value="/Library/Java/JavaVirtualMachines/jdk1.7.0_79.jdk/Contents/Home/jre/lib/resources.jar:/Library/Java/JavaVirtualMachines/jdk1.7.0_79.jdk/Contents/Home/jre/lib/rt.jar:/Library/Java/JavaVirtualMachines/jdk1.7.0_79.jdk/Contents/Home/jre/lib/sunrsasign.jar:/Library/Java/JavaVirtualMachines/jdk1.7.0_79.jdk/Contents/Home/jre/lib/jsse.jar:/Library/Java/JavaVirtualMachines/jdk1.7.0_79.jdk/Contents/Home/jre/lib/jce.jar:/Library/Java/JavaVirtualMachines/jdk1.7.0_79.jdk/Contents/Home/jre/lib/charsets.jar:/Library/Java/JavaVirtualMachines/jdk1.7.0_79.jdk/Contents/Home/jre/lib/jfr.jar:/Library/Java/JavaVirtualMachines/jdk1.7.0_79.jdk/Contents/Home/jre/classes"/>
    <property name="surefire.real.class.path" value="/Users/majid.mallis/dev/docusign-java-client/target/surefire/surefirebooter1634490734200270088.jar"/>
    <property name="java.endorsed.dirs" value="/Library/Java/JavaVirtualMachines/jdk1.7.0_79.jdk/Contents/Home/jre/lib/endorsed"/>
    <property name="gopherProxySet" value="false"/>
    <property name="loggerPath" value="conf/log4j.properties"/>
    <property name="java.vm.version" value="24.79-b02"/>
    <property name="os.name" value="Mac OS X"/>
    <property name="java.vm.specification.version" value="1.7"/>
    <property name="sun.cpu.isalist" value=""/>
    <property name="java.version" value="1.7.0_79"/>
    <property name="java.vm.specification.name" value="Java Virtual Machine Specification"/>
    <property name="java.ext.dirs" value="/Users/majid.mallis/Library/Java/Extensions:/Library/Java/JavaVirtualMachines/jdk1.7.0_79.jdk/Contents/Home/jre/lib/ext:/Library/Java/Extensions:/Network/Library/Java/Extensions:/System/Library/Java/Extensions:/usr/lib/java"/>
    <property name="os.version" value="10.13.6"/>
    <property name="basedir" value="/Users/majid.mallis/dev/docusign-java-client"/>
    <property name="java.library.path" value="/Users/majid.mallis/Library/Java/Extensions:/Library/Java/Extensions:/Network/Library/Java/Extensions:/System/Library/Java/Extensions:/usr/lib/java:."/>
    <property name="java.awt.graphicsenv" value="sun.awt.CGraphicsEnvironment"/>
    <property name="java.vm.name" value="Java HotSpot(TM) 64-Bit Server VM"/>
    <property name="user.country" value="US"/>
  </properties>
  <testcase name="DownLoadEnvelopeDocumentsTest" classname="SdkUnitTests" time="10.729"/>
  <testcase name="ResendEnvelopeTest" classname="SdkUnitTests" time="9.878"/>
  <testcase name="RequestSignatureFromTemplate" classname="SdkUnitTests" time="8.511"/>
  <testcase name="UpdateBrandLogoByTypeTest" classname="SdkUnitTests" time="8.004"/>
  <testcase name="ListStatusTest" classname="SdkUnitTests" time="7.705"/>
  <testcase name="RequestASignatureTest" classname="SdkUnitTests" time="9.577"/>
  <testcase name="ListStatusChangesTest" classname="SdkUnitTests" time="7.756"/>
  <testcase name="EmbeddedSigningTest" classname="SdkUnitTests" time="9.579"/>
  <testcase name="JWTLoginTest" classname="SdkUnitTests" time="7.222"/>
  <testcase name="CreateTemplateTest" classname="SdkUnitTests" time="8.52"/>
  <testcase name="ListDocumentsTest" classname="SdkUnitTests" time="7.438"/>
  <testcase name="GetDiagnosticLogsTest" classname="SdkUnitTests" time="11.365"/>
  <testcase name="AuthorizationCodeLoginTest" classname="SdkUnitTests" time="5.657"/>
  <testcase name="ImplicitLoginTest" classname="SdkUnitTests" time="5.662"/>
  <testcase name="UpdateBulkRecipientsTest" classname="SdkUnitTests" time="9.584"/>
  <testcase name="UpdateChunkedUpload" classname="SdkUnitTests" time="10.081"/>
</testsuite>